<?xml version='1.0' encoding='UTF-8'?>
<testsuite hostname="GG-10296" name="com.lightbend.akkassembly.AuditorTest" tests="11" errors="0" failures="0" skipped="0" time="1.076" timestamp="2020-08-12T12:07:41">
                     <properties>
      <property name="java.specification.version" value="14"/><property name="sun.jnu.encoding" value="UTF-8"/><property name="sun.arch.data.model" value="64"/><property name="java.vendor.url" value="https://openjdk.java.net/"/><property name="sun.boot.library.path" value="/usr/local/Cellar/openjdk/14.0.1/libexec/openjdk.jdk/Contents/Home/lib"/><property name="sun.java.command" value="/usr/local/Cellar/sbt/1.3.13/libexec/bin/sbt-launch.jar"/><property name="jdk.debug" value="release"/><property name="java.specification.vendor" value="Oracle Corporation"/><property name="java.version.date" value="2020-04-14"/><property name="java.home" value="/usr/local/Cellar/openjdk/14.0.1/libexec/openjdk.jdk/Contents/Home"/><property name="file.separator" value="/"/><property name="java.vm.compressedOopsMode" value="Zero based"/><property name="line.separator" value="
"/><property name="java.specification.name" value="Java Platform API Specification"/><property name="java.vm.specification.vendor" value="Oracle Corporation"/><property name="sun.management.compiler" value="HotSpot 64-Bit Tiered Compilers"/><property name="java.runtime.version" value="14.0.1+14"/><property name="user.name" value="paul.yeo"/><property name="log4j.ignoreTCL" value="true"/><property name="file.encoding" value="UTF-8"/><property name="jnidispatch.path" value="/Users/paul.yeo/Library/Caches/JNA/temp/jna16253078144037742829.tmp"/><property name="jna.loaded" value="true"/><property name="java.io.tmpdir" value="/var/folders/9h/zgv7vfgs7cs7x094kbxym63h0000gp/T/"/><property name="java.version" value="14.0.1"/><property name="java.vm.specification.name" value="Java Virtual Machine Specification"/><property name="java.library.path" value="/Users/paul.yeo/Library/Java/Extensions:/Library/Java/Extensions:/Network/Library/Java/Extensions:/System/Library/Java/Extensions:/usr/lib/java:."/><property name="java.vendor" value="N/A"/><property name="scala.ext.dirs" value="/Users/paul.yeo/.sbt/0.13/java9-rt-ext-n_a_14_0_1"/><property name="sun.io.unicode.encoding" value="UnicodeBig"/><property name="java.class.path" value="/usr/local/Cellar/sbt/1.3.13/libexec/bin/sbt-launch.jar"/><property name="java.vm.vendor" value="Oracle Corporation"/><property name="jline.shutdownhook" value="false"/><property name="user.timezone" value="America/Los_Angeles"/><property name="java.vm.specification.version" value="14"/><property name="os.name" value="Mac OS X"/><property name="sun.java.launcher" value="SUN_STANDARD"/><property name="user.country" value="US"/><property name="sun.cpu.endian" value="little"/><property name="user.home" value="/Users/paul.yeo"/><property name="user.language" value="en"/><property name="swoval.tmpdir" value="/Users/paul.yeo/.sbt/1.0"/><property name="jline.esc.timeout" value="0"/><property name="path.separator" value=":"/><property name="os.version" value="10.13.6"/><property name="jna.nosys" value="true"/><property name="java.runtime.name" value="OpenJDK Runtime Environment"/><property name="java.vm.name" value="OpenJDK 64-Bit Server VM"/><property name="jna.platform.library.path" value="/usr/lib:/usr/lib"/><property name="java.vendor.url.bug" value="https://bugreport.java.com/bugreport/"/><property name="user.dir" value="/Users/paul.yeo/Develop/LTS-P-lightbend-akka-streams-for-scala-professional-v1/exercises"/><property name="os.arch" value="x86_64"/><property name="java.vm.info" value="mixed mode, sharing"/><property name="java.vm.version" value="14.0.1+14"/><property name="java.class.version" value="58.0"/>
    </properties>
                     <testcase classname="com.lightbend.akkassembly.AuditorTest" name="count should return zero if the stream is empty" time="0.021">
                                                 
                                               </testcase><testcase classname="com.lightbend.akkassembly.AuditorTest" name="count should count elements in the stream" time="0.017">
                                                 
                                               </testcase><testcase classname="com.lightbend.akkassembly.AuditorTest" name="log should log nothing if the source is empty." time="0.01">
                                                 
                                               </testcase><testcase classname="com.lightbend.akkassembly.AuditorTest" name="log should log all elements to the logging adapter." time="0.106">
                                                 
                                               </testcase><testcase classname="com.lightbend.akkassembly.AuditorTest" name="log should log the exact element" time="0.103">
                                                 
                                               </testcase><testcase classname="com.lightbend.akkassembly.AuditorTest" name="sample should do nothing if the source is empty" time="0.015">
                                                 
                                               </testcase><testcase classname="com.lightbend.akkassembly.AuditorTest" name="sample should return all elements if they appear within the sample period." time="0.041">
                                                 
                                               </testcase><testcase classname="com.lightbend.akkassembly.AuditorTest" name="sample should ignore elements that appear outside the expected sample period." time="0.227">
                                                 
                                               </testcase><testcase classname="com.lightbend.akkassembly.AuditorTest" name="audit should return zero if there are no cars in the stream" time="0.018">
                                                 
                                               </testcase><testcase classname="com.lightbend.akkassembly.AuditorTest" name="audit should return all cars if they are within the sample period" time="0.026">
                                                 
                                               </testcase><testcase classname="com.lightbend.akkassembly.AuditorTest" name="audit should limit the cars to only those that are within the sample period" time="0.492">
                                                 
                                               </testcase>
                     <system-out><![CDATA[]]></system-out>
                     <system-err><![CDATA[]]></system-err>
                   </testsuite>